<?xml version="1.0" encoding="UTF-8"?>
<!-- Generated by org.testng.reporters.JUnitXMLReporter -->
<testsuite ignored="0" hostname="DESKTOP-QQN379M" failures="0" tests="7" name="Default test" time="79.939" errors="0" timestamp="2021-12-07T14:09:55 PKT">
  <testcase classname="Test_Cases.Flow_registered_user" name="Home_Page_1" time="7.199"/>
  <testcase classname="Test_Cases.Flow_registered_user" name="Sign_in_to_DoC" time="16.545"/>
  <testcase classname="Test_Cases.Flow_registered_user" name="Home_Page" time="7.594"/>
  <testcase classname="Test_Cases.Flow_registered_user" name="None_of_these" time="7.765"/>
  <testcase classname="Test_Cases.Flow_registered_user" name="Tell_us_about_you" time="18.753"/>
  <testcase classname="Test_Cases.Flow_registered_user" name="Doctors_Page" time="5.441"/>
  <testcase classname="Test_Cases.Flow_registered_user" name="Doctors_Profile" time="1.749"/>
</testsuite> <!-- Default test -->
