<?xml version="1.0" encoding="UTF-8"?>
<!-- Generated by org.testng.reporters.JUnitXMLReporter -->
<testsuite hostname="DESKTOP-QQN379M" ignored="0" name="Test" tests="7" failures="0" timestamp="2021-12-07T22:48:31 PKT" time="94.051" errors="0">
  <testcase name="Home_Page_1" time="8.602" classname="Test_Cases.Flow_registered_user"/>
  <testcase name="Sign_in_to_DoC" time="17.742" classname="Test_Cases.Flow_registered_user"/>
  <testcase name="Home_Page" time="10.586" classname="Test_Cases.Flow_registered_user"/>
  <testcase name="None_of_these" time="8.897" classname="Test_Cases.Flow_registered_user"/>
  <testcase name="Tell_us_about_you" time="21.851" classname="Test_Cases.Flow_registered_user"/>
  <testcase name="Doctors_Page" time="6.646" classname="Test_Cases.Flow_registered_user"/>
  <testcase name="Doctors_Profile" time="2.089" classname="Test_Cases.Flow_registered_user"/>
</testsuite> <!-- Test -->
