<?xml version="1.0" encoding="UTF-8"?>
<testsuite xmlns:xsi="http://www.w3.org/2001/XMLSchema-instance" xsi:noNamespaceSchemaLocation="https://maven.apache.org/surefire/maven-surefire-plugin/xsd/surefire-test-report-3.0.xsd" version="3.0" name="TestSuite" time="96.034" tests="7" errors="0" skipped="0" failures="0">
  <properties>
[...]
</properties>
  <testcase name="Home_Page_1" classname="Test_Cases.Flow_registered_user" time="8.597">
    <system-out><![CDATA[ INFO [main] (Flow_registered_user.java:35)- Successfully landed on the Home Page
 INFO [main] (Flow_registered_user.java:40)- Successfully clicked on Profile Button
]]></system-out>
    <system-err><![CDATA[Dec 07, 2021 10:47:15 PM io.appium.java_client.remote.AppiumCommandExecutor$1 lambda$0
INFO: Detected dialect: W3C
]]></system-err>
  </testcase>
  <testcase name="Sign_in_to_DoC" classname="Test_Cases.Flow_registered_user" time="17.919">
    <system-out><![CDATA[ INFO [main] (Flow_registered_user.java:50)- Successfully landed on Sign_in_to_DoC Page
 INFO [main] (Flow_registered_user.java:56)- Successful assertion of the text 'Sign in to DoC'
 INFO [main] (Flow_registered_user.java:66)- Successful assertion of the text 'Sign up'
 INFO [main] (Flow_registered_user.java:70)- Successful assertion of the text 'Email'
 INFO [main] (Flow_registered_user.java:74)- Successfully entered the Email
 INFO [main] (Flow_registered_user.java:78)- Successful assertion of the text 'Password'
 INFO [main] (Flow_registered_user.java:82)- Successfully entered the Password
 INFO [main] (Flow_registered_user.java:86)- Successful assertion of the text 'Forgot password'
 INFO [main] (Flow_registered_user.java:90)- Successful assertion of the text 'Sign in'
 INFO [main] (Flow_registered_user.java:93)- Successfully clicked on the Sign in Button
]]></system-out>
  </testcase>
  <testcase name="Home_Page" classname="Test_Cases.Flow_registered_user" time="10.415">
    <system-out><![CDATA[ INFO [main] (Flow_registered_user.java:98)- Successfully landed on the Home Page
 INFO [main] (Flow_registered_user.java:103)- Successfully clicked on 'Doctors' Button
 INFO [main] (Flow_registered_user.java:107)- Successfully clicked on 'Book a Consultation' Button
]]></system-out>
  </testcase>
  <testcase name="None_of_these" classname="Test_Cases.Flow_registered_user" time="9.022">
    <system-out><![CDATA[ INFO [main] (Flow_registered_user.java:113)- Successfully landed on the 'None of these' Page
 INFO [main] (Flow_registered_user.java:119)- Successfully Assertion of the sentence 'Before booking with one of our doctors, please check that it’s not an emergency'
 INFO [main] (Flow_registered_user.java:124)- Successfully Assertion of the sentence 'Call 1122 now if you have:'
 INFO [main] (Flow_registered_user.java:129)- Successfully Assertion of the sentence 'Signs of a heart attack - pain like a very tight band, heavy weight or squeezing in the centre of your chest'
 INFO [main] (Flow_registered_user.java:135)- Successfully Assertion of the sentence 'Signs of a stroke - face drooping on one side, can’t hold both arms up, difficulty speaking'
 INFO [main] (Flow_registered_user.java:141)- Successfully Assertion of the sentence 'Severe difficulty breathing - gasping, not being able to get words out, choking or lips turning blue'
 INFO [main] (Flow_registered_user.java:146)- Successfully Assertion of the sentence 'Heavy bleeding - that won’t stop'
 INFO [main] (Flow_registered_user.java:151)- Successfully Assertion of the sentence 'Severe injuries - or deep cuts after a serious accident'
 INFO [main] (Flow_registered_user.java:156)- Successfully Assertion of the sentence 'Seizure (fit) - someone is shaking or jerking because of a fit, or is unconscious (can’t be woken up)'
 INFO [main] (Flow_registered_user.java:162)- Successfully Assertion of the sentence 'Sudden, rapid swelling - of the eyes, lips, mouth, throat or tongue'
 INFO [main] (Flow_registered_user.java:169)- Successfully clicked on the button 'I have none of these' 
]]></system-out>
  </testcase>
  <testcase name="Tell_us_about_you" classname="Test_Cases.Flow_registered_user" time="21.779">
    <system-out><![CDATA[ INFO [main] (Flow_registered_user.java:177)- Successfully landed on the 'Tell us a little about you' Page
 INFO [main] (Flow_registered_user.java:182)- Successfully Assertion of the text 'Tell us a little about you' 
 INFO [main] (Flow_registered_user.java:186)- Successfully Assertion of the text 'Date of birth (DD/MM/YYYY)' 
 INFO [main] (Flow_registered_user.java:190)- Successfully Assertion of the Heading 'Symptoms' 
 INFO [main] (Flow_registered_user.java:194)- Successfully Assertion of the text 'Tell us about your basic symptoms and we can use this information to help us find the doctor you will see.' 
 INFO [main] (Flow_registered_user.java:199)- Successfully entered the symptom 
 INFO [main] (Flow_registered_user.java:206)- Successfully clicked on the button 'Find a doctor' 
]]></system-out>
  </testcase>
  <testcase name="Doctors_Page" classname="Test_Cases.Flow_registered_user" time="6.615">
    <system-out><![CDATA[ INFO [main] (Flow_registered_user.java:214)- Successfully landed on the 'Doctors Page'
 INFO [main] (Flow_registered_user.java:219)- Successfully Assertion of the Heading 'Doctors' 
 INFO [main] (Flow_registered_user.java:223)- Successfully clicked on Online button 
 INFO [main] (Flow_registered_user.java:227)- Successfully clicked on Dr. Imran Ullah 
]]></system-out>
  </testcase>
  <testcase name="Doctors_Profile" classname="Test_Cases.Flow_registered_user" time="2.085">
    <system-out><![CDATA[ INFO [main] (Flow_registered_user.java:234)- Successfully landed on the 'Doctors Profile'
 INFO [main] (Flow_registered_user.java:239)- Successfully Assertion of the Heading 'Available' 
 INFO [main] (Flow_registered_user.java:243)- Successfully clicked on Book Consultation button
]]></system-out>
  </testcase>
</testsuite>